<?xml version="1.0" encoding="UTF-8"?>
<testsuite xmlns:xsi="http://www.w3.org/2001/XMLSchema-instance" xsi:noNamespaceSchemaLocation="https://maven.apache.org/surefire/maven-surefire-plugin/xsd/surefire-test-report.xsd" version="3.0.2" name="com.ecom.app.EcomApplicationTests" time="10.26" tests="1" errors="0" skipped="0" failures="0">
  <properties>
[...]
</properties>
  <testcase name="contextLoads" classname="com.ecom.app.EcomApplicationTests" time="0.548">
    <system-out><![CDATA[00:28:47.336 [main] INFO org.springframework.test.context.support.AnnotationConfigContextLoaderUtils -- Could not detect default configuration classes for test class [com.ecom.app.EcomApplicationTests]: EcomApplicationTests does not declare any static, non-private, non-final, nested classes annotated with @Configuration.
00:28:47.463 [main] INFO org.springframework.boot.test.context.SpringBootTestContextBootstrapper -- Found @SpringBootConfiguration com.ecom.app.EcomApplication for test class com.ecom.app.EcomApplicationTests

  .   ____          _            __ _ _
 /\\ / ___'_ __ _ _(_)_ __  __ _ \ \ \ \
( ( )\___ | '_ | '_| | '_ \/ _` | \ \ \ \
 \\/  ___)| |_)| | | | | || (_| |  ) ) ) )
  '  |____| .__|_| |_|_| |_\__, | / / / /
 =========|_|==============|___/=/_/_/_/

 :: Spring Boot ::                (v3.5.6)

2025-11-22T00:28:48.075+05:30  INFO 19184 --- [ecom-application] [           main] com.ecom.app.EcomApplicationTests        : Starting EcomApplicationTests using Java 17.0.12 with PID 19184 (started by Vaibhav Tripathi in C:\Users\Vaibhav Tripathi\Desktop\SPIRNG\first Project\ecom-application)
2025-11-22T00:28:48.077+05:30  INFO 19184 --- [ecom-application] [           main] com.ecom.app.EcomApplicationTests        : No active profile set, falling back to 1 default profile: "default"
2025-11-22T00:28:49.565+05:30  INFO 19184 --- [ecom-application] [           main] .s.d.r.c.RepositoryConfigurationDelegate : Bootstrapping Spring Data JPA repositories in DEFAULT mode.
2025-11-22T00:28:49.653+05:30  INFO 19184 --- [ecom-application] [           main] .s.d.r.c.RepositoryConfigurationDelegate : Finished Spring Data repository scanning in 72 ms. Found 4 JPA repository interfaces.
2025-11-22T00:28:50.299+05:30  INFO 19184 --- [ecom-application] [           main] o.hibernate.jpa.internal.util.LogHelper  : HHH000204: Processing PersistenceUnitInfo [name: default]
2025-11-22T00:28:50.440+05:30  INFO 19184 --- [ecom-application] [           main] org.hibernate.Version                    : HHH000412: Hibernate ORM core version 6.6.29.Final
2025-11-22T00:28:50.518+05:30  INFO 19184 --- [ecom-application] [           main] o.h.c.internal.RegionFactoryInitiator    : HHH000026: Second-level cache disabled
2025-11-22T00:28:51.165+05:30  INFO 19184 --- [ecom-application] [           main] o.s.o.j.p.SpringPersistenceUnitInfo      : No LoadTimeWeaver setup: ignoring JPA class transformer
2025-11-22T00:28:51.236+05:30  INFO 19184 --- [ecom-application] [           main] com.zaxxer.hikari.HikariDataSource       : HikariPool-1 - Starting...
2025-11-22T00:28:51.603+05:30  INFO 19184 --- [ecom-application] [           main] com.zaxxer.hikari.pool.HikariPool        : HikariPool-1 - Added connection conn0: url=jdbc:h2:mem:test user=SA
2025-11-22T00:28:51.605+05:30  INFO 19184 --- [ecom-application] [           main] com.zaxxer.hikari.HikariDataSource       : HikariPool-1 - Start completed.
2025-11-22T00:28:51.741+05:30  INFO 19184 --- [ecom-application] [           main] org.hibernate.orm.connections.pooling    : HHH10001005: Database info:
	Database JDBC URL [Connecting through datasource 'HikariDataSource (HikariPool-1)']
	Database driver: undefined/unknown
	Database version: 2.3.232
	Autocommit mode: undefined/unknown
	Isolation level: undefined/unknown
	Minimum pool size: undefined/unknown
	Maximum pool size: undefined/unknown
2025-11-22T00:28:53.079+05:30  INFO 19184 --- [ecom-application] [           main] o.h.e.t.j.p.i.JtaPlatformInitiator       : HHH000489: No JTA platform available (set 'hibernate.transaction.jta.platform' to enable JTA platform integration)
Hibernate: drop table if exists address_table cascade 
Hibernate: drop table if exists cart_item cascade 
Hibernate: drop table if exists order_item cascade 
Hibernate: drop table if exists orders cascade 
Hibernate: drop table if exists products cascade 
Hibernate: drop table if exists user_table cascade 
Hibernate: create table address_table (id bigint generated by default as identity, city varchar(255), country varchar(255), state varchar(255), street varchar(255), zipcode varchar(255), primary key (id))
Hibernate: create table cart_item (price numeric(38,2), quantity integer, created_at timestamp(6), id bigint generated by default as identity, product_id bigint not null, updated_at timestamp(6), user_id bigint not null, primary key (id))
Hibernate: create table order_item (price numeric(38,2), quantity integer, id bigint generated by default as identity, order_id bigint not null, product_id bigint not null, primary key (id))
Hibernate: create table orders (total_amount numeric(38,2), created_at timestamp(6), id bigint generated by default as identity, updated_at timestamp(6), user_id bigint not null, status enum ('CANCELLED','CONFIRMED','DELIVERED','PENDING','SHIPPED'), primary key (id))
Hibernate: create table products (active boolean, price numeric(38,2), stock_quantity integer, created_at timestamp(6), id bigint generated by default as identity, updated_at timestamp(6), category varchar(255), description varchar(255), image_url varchar(255), name varchar(255), primary key (id))
Hibernate: create table user_table (created_at date, role tinyint check (role between 0 and 1), updated_at date, address_id bigint unique, id bigint generated by default as identity, email varchar(255), firstname varchar(255), lastname varchar(255), phone varchar(255), primary key (id))
Hibernate: alter table if exists cart_item add constraint FKqkqmvkmbtiaqn2nfqf25ymfs2 foreign key (product_id) references products
Hibernate: alter table if exists cart_item add constraint FK3f08t4jvb7sdl67e06cehfgqm foreign key (user_id) references user_table
Hibernate: alter table if exists order_item add constraint FKt4dc2r9nbvbujrljv3e23iibt foreign key (order_id) references orders
Hibernate: alter table if exists order_item add constraint FKc5uhmwioq5kscilyuchp4w49o foreign key (product_id) references products
Hibernate: alter table if exists orders add constraint FK8mburwc0vwu8tq9cq95kdnfcx foreign key (user_id) references user_table
Hibernate: alter table if exists user_table add constraint FKq9gmqu1syygg8xs6no0thaknx foreign key (address_id) references address_table
2025-11-22T00:28:53.157+05:30  INFO 19184 --- [ecom-application] [           main] j.LocalContainerEntityManagerFactoryBean : Initialized JPA EntityManagerFactory for persistence unit 'default'
2025-11-22T00:28:53.660+05:30  INFO 19184 --- [ecom-application] [           main] o.s.d.j.r.query.QueryEnhancerFactory     : Hibernate is in classpath; If applicable, HQL parser will be used.
2025-11-22T00:28:55.392+05:30  WARN 19184 --- [ecom-application] [           main] JpaBaseConfiguration$JpaWebConfiguration : spring.jpa.open-in-view is enabled by default. Therefore, database queries may be performed during view rendering. Explicitly configure spring.jpa.open-in-view to disable this warning
2025-11-22T00:28:56.604+05:30  INFO 19184 --- [ecom-application] [           main] o.s.b.a.h2.H2ConsoleAutoConfiguration    : H2 console available at '/h2-console'. Database available at 'jdbc:h2:mem:test'
2025-11-22T00:28:56.643+05:30  INFO 19184 --- [ecom-application] [           main] o.s.b.a.e.web.EndpointLinksResolver      : Exposing 13 endpoints beneath base path '/actuator'
2025-11-22T00:28:56.778+05:30  INFO 19184 --- [ecom-application] [           main] com.ecom.app.EcomApplicationTests        : Started EcomApplicationTests in 9.073 seconds (process running for 10.186)
]]></system-out>
  </testcase>
</testsuite>